d:\eyenix\dev\jtag_lib\en673jtaglib_git\en673jtaglib_lua\en673jtaglib\debug\vc120.pdb
d:\eyenix\dev\jtag_lib\en673jtaglib_git\en673jtaglib_lua\en673jtaglib\debug\vc120.idb
d:\eyenix\dev\jtag_lib\en673jtaglib_git\en673jtaglib_lua\en673jtaglib\debug\en673jtag.obj
d:\eyenix\dev\jtag_lib\en673jtaglib_git\en673jtaglib_lua\en673jtaglib\debug\jtag_base.obj
d:\eyenix\dev\jtag_lib\en673jtaglib_git\en673jtaglib_lua\en673jtaglib\debug\jtag_chain.obj
d:\eyenix\dev\jtag_lib\en673jtaglib_git\en673jtaglib_lua\en673jtaglib\debug\jtag_debug.obj
d:\eyenix\dev\jtag_lib\en673jtaglib_git\en673jtaglib_lua\en673jtaglib\debug\jtag_example.obj
d:\eyenix\dev\jtag_lib\en673jtaglib_git\en673jtaglib_lua\en673jtaglib\debug\jtag_flash.obj
d:\eyenix\dev\jtag_lib\en673jtaglib_git\en673jtaglib_lua\en673jtaglib\debug\jtag_rw.obj
d:\eyenix\dev\jtag_lib\en673jtaglib_git\en673jtaglib_lua\en673jtaglib\debug\jtag_tap.obj
d:\eyenix\dev\jtag_lib\en673jtaglib_git\en673jtaglib_lua\en673jtaglib\debug\jtag_module.obj
d:\eyenix\dev\jtag_lib\en673jtaglib_git\en673jtaglib_lua\en673jtaglib\debug\spi_base.obj
d:\eyenix\dev\jtag_lib\en673jtaglib_git\en673jtaglib_lua\en673jtaglib\debug\spi_commom.obj
d:\eyenix\dev\jtag_lib\en673jtaglib_git\en673jtaglib_lua\debug\en673jtag.lib
d:\eyenix\dev\jtag_lib\en673jtaglib_git\en673jtaglib_lua\en673jtaglib\debug\en673jtag.tlog\cl.command.1.tlog
d:\eyenix\dev\jtag_lib\en673jtaglib_git\en673jtaglib_lua\en673jtaglib\debug\en673jtag.tlog\cl.read.1.tlog
d:\eyenix\dev\jtag_lib\en673jtaglib_git\en673jtaglib_lua\en673jtaglib\debug\en673jtag.tlog\cl.write.1.tlog
d:\eyenix\dev\jtag_lib\en673jtaglib_git\en673jtaglib_lua\en673jtaglib\debug\en673jtag.tlog\lib-link.read.1.tlog
d:\eyenix\dev\jtag_lib\en673jtaglib_git\en673jtaglib_lua\en673jtaglib\debug\en673jtag.tlog\lib-link.write.1.tlog
d:\eyenix\dev\jtag_lib\en673jtaglib_git\en673jtaglib_lua\en673jtaglib\debug\en673jtag.tlog\lib.command.1.tlog
