  EN673JTAG.cpp
  jtag_base.cpp
  jtag_chain.cpp
  jtag_debug.cpp
  jtag_example.cpp
  jtag_flash.cpp
  jtag_rw.cpp
  jtag_tap.cpp
  jtag_module.cpp
  spi_base.cpp
C:\Users\Obang\source\repos\EN673_JTAG_Control_and_Lib\EN673JTAGLib\spi_base.cpp(212,18): warning C4018:  '<': signed 또는 unsigned가 일치하지 않습니다.
C:\Users\Obang\source\repos\EN673_JTAG_Control_and_Lib\EN673JTAGLib\spi_base.cpp(220,22): warning C4018:  '<': signed 또는 unsigned가 일치하지 않습니다.
C:\Users\Obang\source\repos\EN673_JTAG_Control_and_Lib\EN673JTAGLib\spi_base.cpp(748,39): warning C4018:  '<': signed 또는 unsigned가 일치하지 않습니다.
C:\Users\Obang\source\repos\EN673_JTAG_Control_and_Lib\EN673JTAGLib\spi_base.cpp(735,1): warning C4996:  'fopen': This function or variable may be unsafe. Consider using fopen_s instead. To disable deprecation, use _CRT_SECURE_NO_WARNINGS. See online help for details.
C:\Program Files (x86)\Windows Kits\10\Include\10.0.17763.0\ucrt\stdio.h(208): message :  'fopen' 선언을 참조하십시오.
  spi_commom.cpp
C:\Users\Obang\source\repos\EN673_JTAG_Control_and_Lib\EN673JTAGLib\spi_base.cpp(825,22): warning C4018:  '<': signed 또는 unsigned가 일치하지 않습니다.
C:\Users\Obang\source\repos\EN673_JTAG_Control_and_Lib\EN673JTAGLib\spi_commom.cpp(115,1): warning C4996:  'vsprintf': This function or variable may be unsafe. Consider using vsprintf_s instead. To disable deprecation, use _CRT_SECURE_NO_WARNINGS. See online help for details.
C:\Program Files (x86)\Windows Kits\10\Include\10.0.17763.0\ucrt\stdio.h(1469): message :  'vsprintf' 선언을 참조하십시오.
  EN673JTAGLib.vcxproj -> C:\Users\Obang\source\repos\EN673_JTAG_Control_and_Lib\Release\EN673JTAG.lib
